 * running MCMC
[[6.15000e+02 9.67000e+02 1.57800e+03 3.03800e+03 5.70400e+03 8.40300e+03
  1.17270e+04 1.58000e+04 2.08840e+04 2.56810e+04 3.08410e+04 3.78770e+04
  4.48760e+04 5.24100e+04 5.96480e+04 6.66630e+04 7.58330e+04 8.39480e+04
  9.25060e+04 1.02987e+05 1.13833e+05 1.23160e+05 1.31815e+05 1.39875e+05
  1.51061e+05 1.61779e+05 1.72348e+05 1.81026e+05 1.89033e+05 1.95749e+05
  2.03020e+05 2.14454e+05 2.23691e+05 2.30597e+05 2.37474e+05 2.43382e+05
  2.48416e+05 2.53519e+05 2.58222e+05 2.63460e+05 2.71590e+05 2.82143e+05
  2.88045e+05 2.91996e+05 2.95106e+05 2.99691e+05 3.04372e+05 3.08314e+05
  3.12977e+05 3.16415e+05]
 [1.20000e+01 2.40000e+01 3.80000e+01 6.30000e+01 9.60000e+01 1.51000e+02
  1.95000e+02 2.86000e+02 3.87000e+02 5.12000e+02 6.59000e+02 9.02000e+02
  1.21100e+03 1.58800e+03 2.01600e+03 2.55600e+03 3.20700e+03 3.91700e+03
  4.73000e+03 5.41800e+03 5.99100e+03 6.78500e+03 7.80900e+03 8.88600e+03
  9.83400e+03 1.07780e+04 1.16050e+04 1.24980e+04 1.34420e+04 1.43900e+04
  1.52610e+04 1.60130e+04 1.67290e+04 1.77550e+04 1.87600e+04 1.85820e+04
  1.91760e+04 1.97460e+04 2.02030e+04 2.07430e+04 2.09550e+04 2.20090e+04
  2.22690e+04 2.26680e+04 2.29120e+04 2.34770e+04 2.35870e+04 2.40390e+04
  2.41980e+04 2.47080e+04]]
[[1.3800e+02 1.8700e+02 2.1700e+02 2.5200e+02 3.2800e+02 4.1300e+02
  5.2300e+02 6.4000e+02 7.7700e+02 1.1590e+03 1.8380e+03 2.4170e+03
  3.2400e+03 4.2570e+03 4.9550e+03 5.7520e+03 6.6200e+03 7.7380e+03
  8.9660e+03 1.0402e+04 1.1736e+04 1.2500e+04 1.3837e+04 1.5202e+04
  1.6790e+04 1.8941e+04 2.0974e+04 2.2860e+04 2.5475e+04 2.6867e+04
  2.8164e+04 2.9918e+04 3.2181e+04 3.4402e+04 3.6372e+04 3.8077e+04
  3.8077e+04 4.1199e+04 4.2944e+04 4.6023e+04 5.0969e+04 5.3348e+04
  5.4938e+04 5.6462e+04 5.8302e+04 6.0265e+04 6.2205e+04 6.4311e+04
  6.6263e+04 6.8087e+04]
 [0.0000e+00 0.0000e+00 0.0000e+00 0.0000e+00 0.0000e+00 1.0000e+00
  1.0000e+00 5.0000e+00 9.0000e+00 1.1000e+01 1.5000e+01 2.5000e+01
  3.5000e+01 4.4000e+01 4.8000e+01 5.6000e+01 8.9000e+01 1.2200e+02
  1.5400e+02 1.9200e+02 2.1600e+02 2.3100e+02 2.6000e+02 3.5600e+02
  4.3300e+02 5.0300e+02 5.9900e+02 6.8600e+02 7.5600e+02 8.4400e+02
  8.4400e+02 1.1080e+03 1.1080e+03 1.2450e+03 1.4040e+03 1.7060e+03
  1.7060e+03 1.9610e+03 2.1820e+03 2.3600e+03 2.5560e+03 2.7300e+03
  2.8990e+03 3.0030e+03 3.1530e+03 3.4050e+03 3.5620e+03 3.7160e+03
  3.8460e+03 4.0040e+03]]
[[6.15000e+02 9.67000e+02 1.57800e+03 3.03800e+03 5.70400e+03 8.40300e+03
  1.17270e+04 1.58000e+04 2.08840e+04 2.56810e+04 3.08410e+04 3.78770e+04
  4.48760e+04 5.24100e+04 5.96480e+04 6.66630e+04 7.58330e+04 8.39480e+04
  9.25060e+04 1.02987e+05 1.13833e+05 1.23160e+05 1.31815e+05 1.39875e+05
  1.51061e+05 1.61779e+05 1.72348e+05 1.81026e+05 1.89033e+05 1.95749e+05
  2.03020e+05 2.14454e+05 2.23691e+05 2.30597e+05 2.37474e+05 2.43382e+05
  2.48416e+05 2.53519e+05 2.58222e+05 2.63460e+05 2.71590e+05 2.82143e+05
  2.88045e+05 2.91996e+05 2.95106e+05 2.99691e+05 3.04372e+05 3.08314e+05
  3.12977e+05 3.16415e+05]
 [1.20000e+01 2.40000e+01 3.80000e+01 6.30000e+01 9.60000e+01 1.51000e+02
  1.95000e+02 2.86000e+02 3.87000e+02 5.12000e+02 6.59000e+02 9.02000e+02
  1.21100e+03 1.58800e+03 2.01600e+03 2.55600e+03 3.20700e+03 3.91700e+03
  4.73000e+03 5.41800e+03 5.99100e+03 6.78500e+03 7.80900e+03 8.88600e+03
  9.83400e+03 1.07780e+04 1.16050e+04 1.24980e+04 1.34420e+04 1.43900e+04
  1.52610e+04 1.60130e+04 1.67290e+04 1.77550e+04 1.87600e+04 1.85820e+04
  1.91760e+04 1.97460e+04 2.02030e+04 2.07430e+04 2.09550e+04 2.20090e+04
  2.22690e+04 2.26680e+04 2.29120e+04 2.34770e+04 2.35870e+04 2.40390e+04
  2.41980e+04 2.47080e+04]]
[[1.3800e+02 1.8700e+02 2.1700e+02 2.5200e+02 3.2800e+02 4.1300e+02
  5.2300e+02 6.4000e+02 7.7700e+02 1.1590e+03 1.8380e+03 2.4170e+03
  3.2400e+03 4.2570e+03 4.9550e+03 5.7520e+03 6.6200e+03 7.7380e+03
  8.9660e+03 1.0402e+04 1.1736e+04 1.2500e+04 1.3837e+04 1.5202e+04
  1.6790e+04 1.8941e+04 2.0974e+04 2.2860e+04 2.5475e+04 2.6867e+04
  2.8164e+04 2.9918e+04 3.2181e+04 3.4402e+04 3.6372e+04 3.8077e+04
  3.8077e+04 4.1199e+04 4.2944e+04 4.6023e+04 5.0969e+04 5.3348e+04
  5.4938e+04 5.6462e+04 5.8302e+04 6.0265e+04 6.2205e+04 6.4311e+04
  6.6263e+04 6.8087e+04]
 [0.0000e+00 0.0000e+00 0.0000e+00 0.0000e+00 0.0000e+00 1.0000e+00
  1.0000e+00 5.0000e+00 9.0000e+00 1.1000e+01 1.5000e+01 2.5000e+01
  3.5000e+01 4.4000e+01 4.8000e+01 5.6000e+01 8.9000e+01 1.2200e+02
  1.5400e+02 1.9200e+02 2.1600e+02 2.3100e+02 2.6000e+02 3.5600e+02
  4.3300e+02 5.0300e+02 5.9900e+02 6.8600e+02 7.5600e+02 8.4400e+02
  8.4400e+02 1.1080e+03 1.1080e+03 1.2450e+03 1.4040e+03 1.7060e+03
  1.7060e+03 1.9610e+03 2.1820e+03 2.3600e+03 2.5560e+03 2.7300e+03
  2.8990e+03 3.0030e+03 3.1530e+03 3.4050e+03 3.5620e+03 3.7160e+03
  3.8460e+03 4.0040e+03]]
[[6.15000e+02 9.67000e+02 1.57800e+03 3.03800e+03 5.70400e+03 8.40300e+03
  1.17270e+04 1.58000e+04 2.08840e+04 2.56810e+04 3.08410e+04 3.78770e+04
  4.48760e+04 5.24100e+04 5.96480e+04 6.66630e+04 7.58330e+04 8.39480e+04
  9.25060e+04 1.02987e+05 1.13833e+05 1.23160e+05 1.31815e+05 1.39875e+05
  1.51061e+05 1.61779e+05 1.72348e+05 1.81026e+05 1.89033e+05 1.95749e+05
  2.03020e+05 2.14454e+05 2.23691e+05 2.30597e+05 2.37474e+05 2.43382e+05
  2.48416e+05 2.53519e+05 2.58222e+05 2.63460e+05 2.71590e+05 2.82143e+05
  2.88045e+05 2.91996e+05 2.95106e+05 2.99691e+05 3.04372e+05 3.08314e+05
  3.12977e+05 3.16415e+05]
 [1.20000e+01 2.40000e+01 3.80000e+01 6.30000e+01 9.60000e+01 1.51000e+02
  1.95000e+02 2.86000e+02 3.87000e+02 5.12000e+02 6.59000e+02 9.02000e+02
  1.21100e+03 1.58800e+03 2.01600e+03 2.55600e+03 3.20700e+03 3.91700e+03
  4.73000e+03 5.41800e+03 5.99100e+03 6.78500e+03 7.80900e+03 8.88600e+03
  9.83400e+03 1.07780e+04 1.16050e+04 1.24980e+04 1.34420e+04 1.43900e+04
  1.52610e+04 1.60130e+04 1.67290e+04 1.77550e+04 1.87600e+04 1.85820e+04
  1.91760e+04 1.97460e+04 2.02030e+04 2.07430e+04 2.09550e+04 2.20090e+04
  2.22690e+04 2.26680e+04 2.29120e+04 2.34770e+04 2.35870e+04 2.40390e+04
  2.41980e+04 2.47080e+04]]
[[1.3800e+02 1.8700e+02 2.1700e+02 2.5200e+02 3.2800e+02 4.1300e+02
  5.2300e+02 6.4000e+02 7.7700e+02 1.1590e+03 1.8380e+03 2.4170e+03
  3.2400e+03 4.2570e+03 4.9550e+03 5.7520e+03 6.6200e+03 7.7380e+03
  8.9660e+03 1.0402e+04 1.1736e+04 1.2500e+04 1.3837e+04 1.5202e+04
  1.6790e+04 1.8941e+04 2.0974e+04 2.2860e+04 2.5475e+04 2.6867e+04
  2.8164e+04 2.9918e+04 3.2181e+04 3.4402e+04 3.6372e+04 3.8077e+04
  3.8077e+04 4.1199e+04 4.2944e+04 4.6023e+04 5.0969e+04 5.3348e+04
  5.4938e+04 5.6462e+04 5.8302e+04 6.0265e+04 6.2205e+04 6.4311e+04
  6.6263e+04 6.8087e+04]
 [0.0000e+00 0.0000e+00 0.0000e+00 0.0000e+00 0.0000e+00 1.0000e+00
  1.0000e+00 5.0000e+00 9.0000e+00 1.1000e+01 1.5000e+01 2.5000e+01
  3.5000e+01 4.4000e+01 4.8000e+01 5.6000e+01 8.9000e+01 1.2200e+02
  1.5400e+02 1.9200e+02 2.1600e+02 2.3100e+02 2.6000e+02 3.5600e+02
  4.3300e+02 5.0300e+02 5.9900e+02 6.8600e+02 7.5600e+02 8.4400e+02
  8.4400e+02 1.1080e+03 1.1080e+03 1.2450e+03 1.4040e+03 1.7060e+03
  1.7060e+03 1.9610e+03 2.1820e+03 2.3600e+03 2.5560e+03 2.7300e+03
  2.8990e+03 3.0030e+03 3.1530e+03 3.4050e+03 3.5620e+03 3.7160e+03
  3.8460e+03 4.0040e+03]]
[[6.15000e+02 9.67000e+02 1.57800e+03 3.03800e+03 5.70400e+03 8.40300e+03
  1.17270e+04 1.58000e+04 2.08840e+04 2.56810e+04 3.08410e+04 3.78770e+04
  4.48760e+04 5.24100e+04 5.96480e+04 6.66630e+04 7.58330e+04 8.39480e+04
  9.25060e+04 1.02987e+05 1.13833e+05 1.23160e+05 1.31815e+05 1.39875e+05
  1.51061e+05 1.61779e+05 1.72348e+05 1.81026e+05 1.89033e+05 1.95749e+05
  2.03020e+05 2.14454e+05 2.23691e+05 2.30597e+05 2.37474e+05 2.43382e+05
  2.48416e+05 2.53519e+05 2.58222e+05 2.63460e+05 2.71590e+05 2.82143e+05
  2.88045e+05 2.91996e+05 2.95106e+05 2.99691e+05 3.04372e+05 3.08314e+05
  3.12977e+05 3.16415e+05]
 [1.20000e+01 2.40000e+01 3.80000e+01 6.30000e+01 9.60000e+01 1.51000e+02
  1.95000e+02 2.86000e+02 3.87000e+02 5.12000e+02 6.59000e+02 9.02000e+02
  1.21100e+03 1.58800e+03 2.01600e+03 2.55600e+03 3.20700e+03 3.91700e+03
  4.73000e+03 5.41800e+03 5.99100e+03 6.78500e+03 7.80900e+03 8.88600e+03
  9.83400e+03 1.07780e+04 1.16050e+04 1.24980e+04 1.34420e+04 1.43900e+04
  1.52610e+04 1.60130e+04 1.67290e+04 1.77550e+04 1.87600e+04 1.85820e+04
  1.91760e+04 1.97460e+04 2.02030e+04 2.07430e+04 2.09550e+04 2.20090e+04
  2.22690e+04 2.26680e+04 2.29120e+04 2.34770e+04 2.35870e+04 2.40390e+04
  2.41980e+04 2.47080e+04]]
[[1.3800e+02 1.8700e+02 2.1700e+02 2.5200e+02 3.2800e+02 4.1300e+02
  5.2300e+02 6.4000e+02 7.7700e+02 1.1590e+03 1.8380e+03 2.4170e+03
  3.2400e+03 4.2570e+03 4.9550e+03 5.7520e+03 6.6200e+03 7.7380e+03
  8.9660e+03 1.0402e+04 1.1736e+04 1.2500e+04 1.3837e+04 1.5202e+04
  1.6790e+04 1.8941e+04 2.0974e+04 2.2860e+04 2.5475e+04 2.6867e+04
  2.8164e+04 2.9918e+04 3.2181e+04 3.4402e+04 3.6372e+04 3.8077e+04
  3.8077e+04 4.1199e+04 4.2944e+04 4.6023e+04 5.0969e+04 5.3348e+04
  5.4938e+04 5.6462e+04 5.8302e+04 6.0265e+04 6.2205e+04 6.4311e+04
  6.6263e+04 6.8087e+04]
 [0.0000e+00 0.0000e+00 0.0000e+00 0.0000e+00 0.0000e+00 1.0000e+00
  1.0000e+00 5.0000e+00 9.0000e+00 1.1000e+01 1.5000e+01 2.5000e+01
  3.5000e+01 4.4000e+01 4.8000e+01 5.6000e+01 8.9000e+01 1.2200e+02
  1.5400e+02 1.9200e+02 2.1600e+02 2.3100e+02 2.6000e+02 3.5600e+02
  4.3300e+02 5.0300e+02 5.9900e+02 6.8600e+02 7.5600e+02 8.4400e+02
  8.4400e+02 1.1080e+03 1.1080e+03 1.2450e+03 1.4040e+03 1.7060e+03
  1.7060e+03 1.9610e+03 2.1820e+03 2.3600e+03 2.5560e+03 2.7300e+03
  2.8990e+03 3.0030e+03 3.1530e+03 3.4050e+03 3.5620e+03 3.7160e+03
  3.8460e+03 4.0040e+03]]
 * running MCMC
[[6.15000e+02 9.67000e+02 1.57800e+03 3.03800e+03 5.70400e+03 8.40300e+03
  1.17270e+04 1.58000e+04 2.08840e+04 2.56810e+04 3.08410e+04 3.78770e+04
  4.48760e+04 5.24100e+04 5.96480e+04 6.66630e+04 7.58330e+04 8.39480e+04
  9.25060e+04 1.02987e+05 1.13833e+05 1.23160e+05 1.31815e+05 1.39875e+05
  1.51061e+05 1.61779e+05 1.72348e+05 1.81026e+05 1.89033e+05 1.95749e+05
  2.03020e+05 2.14454e+05 2.23691e+05 2.30597e+05 2.37474e+05 2.43382e+05
  2.48416e+05 2.53519e+05 2.58222e+05 2.63460e+05 2.71590e+05 2.82143e+05
  2.88045e+05 2.91996e+05 2.95106e+05 2.99691e+05 3.04372e+05 3.08314e+05
  3.12977e+05 3.16415e+05]
 [1.20000e+01 2.40000e+01 3.80000e+01 6.30000e+01 9.60000e+01 1.51000e+02
  1.95000e+02 2.86000e+02 3.87000e+02 5.12000e+02 6.59000e+02 9.02000e+02
  1.21100e+03 1.58800e+03 2.01600e+03 2.55600e+03 3.20700e+03 3.91700e+03
  4.73000e+03 5.41800e+03 5.99100e+03 6.78500e+03 7.80900e+03 8.88600e+03
  9.83400e+03 1.07780e+04 1.16050e+04 1.24980e+04 1.34420e+04 1.43900e+04
  1.52610e+04 1.60130e+04 1.67290e+04 1.77550e+04 1.87600e+04 1.85820e+04
  1.91760e+04 1.97460e+04 2.02030e+04 2.07430e+04 2.09550e+04 2.20090e+04
  2.22690e+04 2.26680e+04 2.29120e+04 2.34770e+04 2.35870e+04 2.40390e+04
  2.41980e+04 2.47080e+04]]
[[1.3800e+02 1.8700e+02 2.1700e+02 2.5200e+02 3.2800e+02 4.1300e+02
  5.2300e+02 6.4000e+02 7.7700e+02 1.1590e+03 1.8380e+03 2.4170e+03
  3.2400e+03 4.2570e+03 4.9550e+03 5.7520e+03 6.6200e+03 7.7380e+03
  8.9660e+03 1.0402e+04 1.1736e+04 1.2500e+04 1.3837e+04 1.5202e+04
  1.6790e+04 1.8941e+04 2.0974e+04 2.2860e+04 2.5475e+04 2.6867e+04
  2.8164e+04 2.9918e+04 3.2181e+04 3.4402e+04 3.6372e+04 3.8077e+04
  3.8077e+04 4.1199e+04 4.2944e+04 4.6023e+04 5.0969e+04 5.3348e+04
  5.4938e+04 5.6462e+04 5.8302e+04 6.0265e+04 6.2205e+04 6.4311e+04
  6.6263e+04 6.8087e+04]
 [0.0000e+00 0.0000e+00 0.0000e+00 0.0000e+00 0.0000e+00 1.0000e+00
  1.0000e+00 5.0000e+00 9.0000e+00 1.1000e+01 1.5000e+01 2.5000e+01
  3.5000e+01 4.4000e+01 4.8000e+01 5.6000e+01 8.9000e+01 1.2200e+02
  1.5400e+02 1.9200e+02 2.1600e+02 2.3100e+02 2.6000e+02 3.5600e+02
  4.3300e+02 5.0300e+02 5.9900e+02 6.8600e+02 7.5600e+02 8.4400e+02
  8.4400e+02 1.1080e+03 1.1080e+03 1.2450e+03 1.4040e+03 1.7060e+03
  1.7060e+03 1.9610e+03 2.1820e+03 2.3600e+03 2.5560e+03 2.7300e+03
  2.8990e+03 3.0030e+03 3.1530e+03 3.4050e+03 3.5620e+03 3.7160e+03
  3.8460e+03 4.0040e+03]]
[[6.15000e+02 9.67000e+02 1.57800e+03 3.03800e+03 5.70400e+03 8.40300e+03
  1.17270e+04 1.58000e+04 2.08840e+04 2.56810e+04 3.08410e+04 3.78770e+04
  4.48760e+04 5.24100e+04 5.96480e+04 6.66630e+04 7.58330e+04 8.39480e+04
  9.25060e+04 1.02987e+05 1.13833e+05 1.23160e+05 1.31815e+05 1.39875e+05
  1.51061e+05 1.61779e+05 1.72348e+05 1.81026e+05 1.89033e+05 1.95749e+05
  2.03020e+05 2.14454e+05 2.23691e+05 2.30597e+05 2.37474e+05 2.43382e+05
  2.48416e+05 2.53519e+05 2.58222e+05 2.63460e+05 2.71590e+05 2.82143e+05
  2.88045e+05 2.91996e+05 2.95106e+05 2.99691e+05 3.04372e+05 3.08314e+05
  3.12977e+05 3.16415e+05]
 [1.20000e+01 2.40000e+01 3.80000e+01 6.30000e+01 9.60000e+01 1.51000e+02
  1.95000e+02 2.86000e+02 3.87000e+02 5.12000e+02 6.59000e+02 9.02000e+02
  1.21100e+03 1.58800e+03 2.01600e+03 2.55600e+03 3.20700e+03 3.91700e+03
  4.73000e+03 5.41800e+03 5.99100e+03 6.78500e+03 7.80900e+03 8.88600e+03
  9.83400e+03 1.07780e+04 1.16050e+04 1.24980e+04 1.34420e+04 1.43900e+04
  1.52610e+04 1.60130e+04 1.67290e+04 1.77550e+04 1.87600e+04 1.85820e+04
  1.91760e+04 1.97460e+04 2.02030e+04 2.07430e+04 2.09550e+04 2.20090e+04
  2.22690e+04 2.26680e+04 2.29120e+04 2.34770e+04 2.35870e+04 2.40390e+04
  2.41980e+04 2.47080e+04]]
[[1.3800e+02 1.8700e+02 2.1700e+02 2.5200e+02 3.2800e+02 4.1300e+02
  5.2300e+02 6.4000e+02 7.7700e+02 1.1590e+03 1.8380e+03 2.4170e+03
  3.2400e+03 4.2570e+03 4.9550e+03 5.7520e+03 6.6200e+03 7.7380e+03
  8.9660e+03 1.0402e+04 1.1736e+04 1.2500e+04 1.3837e+04 1.5202e+04
  1.6790e+04 1.8941e+04 2.0974e+04 2.2860e+04 2.5475e+04 2.6867e+04
  2.8164e+04 2.9918e+04 3.2181e+04 3.4402e+04 3.6372e+04 3.8077e+04
  3.8077e+04 4.1199e+04 4.2944e+04 4.6023e+04 5.0969e+04 5.3348e+04
  5.4938e+04 5.6462e+04 5.8302e+04 6.0265e+04 6.2205e+04 6.4311e+04
  6.6263e+04 6.8087e+04]
 [0.0000e+00 0.0000e+00 0.0000e+00 0.0000e+00 0.0000e+00 1.0000e+00
  1.0000e+00 5.0000e+00 9.0000e+00 1.1000e+01 1.5000e+01 2.5000e+01
  3.5000e+01 4.4000e+01 4.8000e+01 5.6000e+01 8.9000e+01 1.2200e+02
  1.5400e+02 1.9200e+02 2.1600e+02 2.3100e+02 2.6000e+02 3.5600e+02
  4.3300e+02 5.0300e+02 5.9900e+02 6.8600e+02 7.5600e+02 8.4400e+02
  8.4400e+02 1.1080e+03 1.1080e+03 1.2450e+03 1.4040e+03 1.7060e+03
  1.7060e+03 1.9610e+03 2.1820e+03 2.3600e+03 2.5560e+03 2.7300e+03
  2.8990e+03 3.0030e+03 3.1530e+03 3.4050e+03 3.5620e+03 3.7160e+03
  3.8460e+03 4.0040e+03]]
[[6.15000e+02 9.67000e+02 1.57800e+03 3.03800e+03 5.70400e+03 8.40300e+03
  1.17270e+04 1.58000e+04 2.08840e+04 2.56810e+04 3.08410e+04 3.78770e+04
  4.48760e+04 5.24100e+04 5.96480e+04 6.66630e+04 7.58330e+04 8.39480e+04
  9.25060e+04 1.02987e+05 1.13833e+05 1.23160e+05 1.31815e+05 1.39875e+05
  1.51061e+05 1.61779e+05 1.72348e+05 1.81026e+05 1.89033e+05 1.95749e+05
  2.03020e+05 2.14454e+05 2.23691e+05 2.30597e+05 2.37474e+05 2.43382e+05
  2.48416e+05 2.53519e+05 2.58222e+05 2.63460e+05 2.71590e+05 2.82143e+05
  2.88045e+05 2.91996e+05 2.95106e+05 2.99691e+05 3.04372e+05 3.08314e+05
  3.12977e+05 3.16415e+05]
 [1.20000e+01 2.40000e+01 3.80000e+01 6.30000e+01 9.60000e+01 1.51000e+02
  1.95000e+02 2.86000e+02 3.87000e+02 5.12000e+02 6.59000e+02 9.02000e+02
  1.21100e+03 1.58800e+03 2.01600e+03 2.55600e+03 3.20700e+03 3.91700e+03
  4.73000e+03 5.41800e+03 5.99100e+03 6.78500e+03 7.80900e+03 8.88600e+03
  9.83400e+03 1.07780e+04 1.16050e+04 1.24980e+04 1.34420e+04 1.43900e+04
  1.52610e+04 1.60130e+04 1.67290e+04 1.77550e+04 1.87600e+04 1.85820e+04
  1.91760e+04 1.97460e+04 2.02030e+04 2.07430e+04 2.09550e+04 2.20090e+04
  2.22690e+04 2.26680e+04 2.29120e+04 2.34770e+04 2.35870e+04 2.40390e+04
  2.41980e+04 2.47080e+04]]
[[1.3800e+02 1.8700e+02 2.1700e+02 2.5200e+02 3.2800e+02 4.1300e+02
  5.2300e+02 6.4000e+02 7.7700e+02 1.1590e+03 1.8380e+03 2.4170e+03
  3.2400e+03 4.2570e+03 4.9550e+03 5.7520e+03 6.6200e+03 7.7380e+03
  8.9660e+03 1.0402e+04 1.1736e+04 1.2500e+04 1.3837e+04 1.5202e+04
  1.6790e+04 1.8941e+04 2.0974e+04 2.2860e+04 2.5475e+04 2.6867e+04
  2.8164e+04 2.9918e+04 3.2181e+04 3.4402e+04 3.6372e+04 3.8077e+04
  3.8077e+04 4.1199e+04 4.2944e+04 4.6023e+04 5.0969e+04 5.3348e+04
  5.4938e+04 5.6462e+04 5.8302e+04 6.0265e+04 6.2205e+04 6.4311e+04
  6.6263e+04 6.8087e+04]
 [0.0000e+00 0.0000e+00 0.0000e+00 0.0000e+00 0.0000e+00 1.0000e+00
  1.0000e+00 5.0000e+00 9.0000e+00 1.1000e+01 1.5000e+01 2.5000e+01
  3.5000e+01 4.4000e+01 4.8000e+01 5.6000e+01 8.9000e+01 1.2200e+02
  1.5400e+02 1.9200e+02 2.1600e+02 2.3100e+02 2.6000e+02 3.5600e+02
  4.3300e+02 5.0300e+02 5.9900e+02 6.8600e+02 7.5600e+02 8.4400e+02
  8.4400e+02 1.1080e+03 1.1080e+03 1.2450e+03 1.4040e+03 1.7060e+03
  1.7060e+03 1.9610e+03 2.1820e+03 2.3600e+03 2.5560e+03 2.7300e+03
  2.8990e+03 3.0030e+03 3.1530e+03 3.4050e+03 3.5620e+03 3.7160e+03
  3.8460e+03 4.0040e+03]]
[[6.15000e+02 9.67000e+02 1.57800e+03 3.03800e+03 5.70400e+03 8.40300e+03
  1.17270e+04 1.58000e+04 2.08840e+04 2.56810e+04 3.08410e+04 3.78770e+04
  4.48760e+04 5.24100e+04 5.96480e+04 6.66630e+04 7.58330e+04 8.39480e+04
  9.25060e+04 1.02987e+05 1.13833e+05 1.23160e+05 1.31815e+05 1.39875e+05
  1.51061e+05 1.61779e+05 1.72348e+05 1.81026e+05 1.89033e+05 1.95749e+05
  2.03020e+05 2.14454e+05 2.23691e+05 2.30597e+05 2.37474e+05 2.43382e+05
  2.48416e+05 2.53519e+05 2.58222e+05 2.63460e+05 2.71590e+05 2.82143e+05
  2.88045e+05 2.91996e+05 2.95106e+05 2.99691e+05 3.04372e+05 3.08314e+05
  3.12977e+05 3.16415e+05]
 [1.20000e+01 2.40000e+01 3.80000e+01 6.30000e+01 9.60000e+01 1.51000e+02
  1.95000e+02 2.86000e+02 3.87000e+02 5.12000e+02 6.59000e+02 9.02000e+02
  1.21100e+03 1.58800e+03 2.01600e+03 2.55600e+03 3.20700e+03 3.91700e+03
  4.73000e+03 5.41800e+03 5.99100e+03 6.78500e+03 7.80900e+03 8.88600e+03
  9.83400e+03 1.07780e+04 1.16050e+04 1.24980e+04 1.34420e+04 1.43900e+04
  1.52610e+04 1.60130e+04 1.67290e+04 1.77550e+04 1.87600e+04 1.85820e+04
  1.91760e+04 1.97460e+04 2.02030e+04 2.07430e+04 2.09550e+04 2.20090e+04
  2.22690e+04 2.26680e+04 2.29120e+04 2.34770e+04 2.35870e+04 2.40390e+04
  2.41980e+04 2.47080e+04]]
[[1.3800e+02 1.8700e+02 2.1700e+02 2.5200e+02 3.2800e+02 4.1300e+02
  5.2300e+02 6.4000e+02 7.7700e+02 1.1590e+03 1.8380e+03 2.4170e+03
  3.2400e+03 4.2570e+03 4.9550e+03 5.7520e+03 6.6200e+03 7.7380e+03
  8.9660e+03 1.0402e+04 1.1736e+04 1.2500e+04 1.3837e+04 1.5202e+04
  1.6790e+04 1.8941e+04 2.0974e+04 2.2860e+04 2.5475e+04 2.6867e+04
  2.8164e+04 2.9918e+04 3.2181e+04 3.4402e+04 3.6372e+04 3.8077e+04
  3.8077e+04 4.1199e+04 4.2944e+04 4.6023e+04 5.0969e+04 5.3348e+04
  5.4938e+04 5.6462e+04 5.8302e+04 6.0265e+04 6.2205e+04 6.4311e+04
  6.6263e+04 6.8087e+04]
 [0.0000e+00 0.0000e+00 0.0000e+00 0.0000e+00 0.0000e+00 1.0000e+00
  1.0000e+00 5.0000e+00 9.0000e+00 1.1000e+01 1.5000e+01 2.5000e+01
  3.5000e+01 4.4000e+01 4.8000e+01 5.6000e+01 8.9000e+01 1.2200e+02
  1.5400e+02 1.9200e+02 2.1600e+02 2.3100e+02 2.6000e+02 3.5600e+02
  4.3300e+02 5.0300e+02 5.9900e+02 6.8600e+02 7.5600e+02 8.4400e+02
  8.4400e+02 1.1080e+03 1.1080e+03 1.2450e+03 1.4040e+03 1.7060e+03
  1.7060e+03 1.9610e+03 2.1820e+03 2.3600e+03 2.5560e+03 2.7300e+03
  2.8990e+03 3.0030e+03 3.1530e+03 3.4050e+03 3.5620e+03 3.7160e+03
  3.8460e+03 4.0040e+03]]
[[6.15000e+02 9.67000e+02 1.57800e+03 3.03800e+03 5.70400e+03 8.40300e+03
  1.17270e+04 1.58000e+04 2.08840e+04 2.56810e+04 3.08410e+04 3.78770e+04
  4.48760e+04 5.24100e+04 5.96480e+04 6.66630e+04 7.58330e+04 8.39480e+04
  9.25060e+04 1.02987e+05 1.13833e+05 1.23160e+05 1.31815e+05 1.39875e+05
  1.51061e+05 1.61779e+05 1.72348e+05 1.81026e+05 1.89033e+05 1.95749e+05
  2.03020e+05 2.14454e+05 2.23691e+05 2.30597e+05 2.37474e+05 2.43382e+05
  2.48416e+05 2.53519e+05 2.58222e+05 2.63460e+05 2.71590e+05 2.82143e+05
  2.88045e+05 2.91996e+05 2.95106e+05 2.99691e+05 3.04372e+05 3.08314e+05
  3.12977e+05 3.16415e+05]
 [1.20000e+01 2.40000e+01 3.80000e+01 6.30000e+01 9.60000e+01 1.51000e+02
  1.95000e+02 2.86000e+02 3.87000e+02 5.12000e+02 6.59000e+02 9.02000e+02
  1.21100e+03 1.58800e+03 2.01600e+03 2.55600e+03 3.20700e+03 3.91700e+03
  4.73000e+03 5.41800e+03 5.99100e+03 6.78500e+03 7.80900e+03 8.88600e+03
  9.83400e+03 1.07780e+04 1.16050e+04 1.24980e+04 1.34420e+04 1.43900e+04
  1.52610e+04 1.60130e+04 1.67290e+04 1.77550e+04 1.87600e+04 1.85820e+04
  1.91760e+04 1.97460e+04 2.02030e+04 2.07430e+04 2.09550e+04 2.20090e+04
  2.22690e+04 2.26680e+04 2.29120e+04 2.34770e+04 2.35870e+04 2.40390e+04
  2.41980e+04 2.47080e+04]]
[[1.3800e+02 1.8700e+02 2.1700e+02 2.5200e+02 3.2800e+02 4.1300e+02
  5.2300e+02 6.4000e+02 7.7700e+02 1.1590e+03 1.8380e+03 2.4170e+03
  3.2400e+03 4.2570e+03 4.9550e+03 5.7520e+03 6.6200e+03 7.7380e+03
  8.9660e+03 1.0402e+04 1.1736e+04 1.2500e+04 1.3837e+04 1.5202e+04
  1.6790e+04 1.8941e+04 2.0974e+04 2.2860e+04 2.5475e+04 2.6867e+04
  2.8164e+04 2.9918e+04 3.2181e+04 3.4402e+04 3.6372e+04 3.8077e+04
  3.8077e+04 4.1199e+04 4.2944e+04 4.6023e+04 5.0969e+04 5.3348e+04
  5.4938e+04 5.6462e+04 5.8302e+04 6.0265e+04 6.2205e+04 6.4311e+04
  6.6263e+04 6.8087e+04]
 [0.0000e+00 0.0000e+00 0.0000e+00 0.0000e+00 0.0000e+00 1.0000e+00
  1.0000e+00 5.0000e+00 9.0000e+00 1.1000e+01 1.5000e+01 2.5000e+01
  3.5000e+01 4.4000e+01 4.8000e+01 5.6000e+01 8.9000e+01 1.2200e+02
  1.5400e+02 1.9200e+02 2.1600e+02 2.3100e+02 2.6000e+02 3.5600e+02
  4.3300e+02 5.0300e+02 5.9900e+02 6.8600e+02 7.5600e+02 8.4400e+02
  8.4400e+02 1.1080e+03 1.1080e+03 1.2450e+03 1.4040e+03 1.7060e+03
  1.7060e+03 1.9610e+03 2.1820e+03 2.3600e+03 2.5560e+03 2.7300e+03
  2.8990e+03 3.0030e+03 3.1530e+03 3.4050e+03 3.5620e+03 3.7160e+03
  3.8460e+03 4.0040e+03]]
[[6.15000e+02 9.67000e+02 1.57800e+03 3.03800e+03 5.70400e+03 8.40300e+03
  1.17270e+04 1.58000e+04 2.08840e+04 2.56810e+04 3.08410e+04 3.78770e+04
  4.48760e+04 5.24100e+04 5.96480e+04 6.66630e+04 7.58330e+04 8.39480e+04
  9.25060e+04 1.02987e+05 1.13833e+05 1.23160e+05 1.31815e+05 1.39875e+05
  1.51061e+05 1.61779e+05 1.72348e+05 1.81026e+05 1.89033e+05 1.95749e+05
  2.03020e+05 2.14454e+05 2.23691e+05 2.30597e+05 2.37474e+05 2.43382e+05
  2.48416e+05 2.53519e+05 2.58222e+05 2.63460e+05 2.71590e+05 2.82143e+05
  2.88045e+05 2.91996e+05 2.95106e+05 2.99691e+05 3.04372e+05 3.08314e+05
  3.12977e+05 3.16415e+05]
 [1.20000e+01 2.40000e+01 3.80000e+01 6.30000e+01 9.60000e+01 1.51000e+02
  1.95000e+02 2.86000e+02 3.87000e+02 5.12000e+02 6.59000e+02 9.02000e+02
  1.21100e+03 1.58800e+03 2.01600e+03 2.55600e+03 3.20700e+03 3.91700e+03
  4.73000e+03 5.41800e+03 5.99100e+03 6.78500e+03 7.80900e+03 8.88600e+03
  9.83400e+03 1.07780e+04 1.16050e+04 1.24980e+04 1.34420e+04 1.43900e+04
  1.52610e+04 1.60130e+04 1.67290e+04 1.77550e+04 1.87600e+04 1.85820e+04
  1.91760e+04 1.97460e+04 2.02030e+04 2.07430e+04 2.09550e+04 2.20090e+04
  2.22690e+04 2.26680e+04 2.29120e+04 2.34770e+04 2.35870e+04 2.40390e+04
  2.41980e+04 2.47080e+04]]
[[1.3800e+02 1.8700e+02 2.1700e+02 2.5200e+02 3.2800e+02 4.1300e+02
  5.2300e+02 6.4000e+02 7.7700e+02 1.1590e+03 1.8380e+03 2.4170e+03
  3.2400e+03 4.2570e+03 4.9550e+03 5.7520e+03 6.6200e+03 7.7380e+03
  8.9660e+03 1.0402e+04 1.1736e+04 1.2500e+04 1.3837e+04 1.5202e+04
  1.6790e+04 1.8941e+04 2.0974e+04 2.2860e+04 2.5475e+04 2.6867e+04
  2.8164e+04 2.9918e+04 3.2181e+04 3.4402e+04 3.6372e+04 3.8077e+04
  3.8077e+04 4.1199e+04 4.2944e+04 4.6023e+04 5.0969e+04 5.3348e+04
  5.4938e+04 5.6462e+04 5.8302e+04 6.0265e+04 6.2205e+04 6.4311e+04
  6.6263e+04 6.8087e+04]
 [0.0000e+00 0.0000e+00 0.0000e+00 0.0000e+00 0.0000e+00 1.0000e+00
  1.0000e+00 5.0000e+00 9.0000e+00 1.1000e+01 1.5000e+01 2.5000e+01
  3.5000e+01 4.4000e+01 4.8000e+01 5.6000e+01 8.9000e+01 1.2200e+02
  1.5400e+02 1.9200e+02 2.1600e+02 2.3100e+02 2.6000e+02 3.5600e+02
  4.3300e+02 5.0300e+02 5.9900e+02 6.8600e+02 7.5600e+02 8.4400e+02
  8.4400e+02 1.1080e+03 1.1080e+03 1.2450e+03 1.4040e+03 1.7060e+03
  1.7060e+03 1.9610e+03 2.1820e+03 2.3600e+03 2.5560e+03 2.7300e+03
  2.8990e+03 3.0030e+03 3.1530e+03 3.4050e+03 3.5620e+03 3.7160e+03
  3.8460e+03 4.0040e+03]]
[[6.15000e+02 9.67000e+02 1.57800e+03 3.03800e+03 5.70400e+03 8.40300e+03
  1.17270e+04 1.58000e+04 2.08840e+04 2.56810e+04 3.08410e+04 3.78770e+04
  4.48760e+04 5.24100e+04 5.96480e+04 6.66630e+04 7.58330e+04 8.39480e+04
  9.25060e+04 1.02987e+05 1.13833e+05 1.23160e+05 1.31815e+05 1.39875e+05
  1.51061e+05 1.61779e+05 1.72348e+05 1.81026e+05 1.89033e+05 1.95749e+05
  2.03020e+05 2.14454e+05 2.23691e+05 2.30597e+05 2.37474e+05 2.43382e+05
  2.48416e+05 2.53519e+05 2.58222e+05 2.63460e+05 2.71590e+05 2.82143e+05
  2.88045e+05 2.91996e+05 2.95106e+05 2.99691e+05 3.04372e+05 3.08314e+05
  3.12977e+05 3.16415e+05]
 [1.20000e+01 2.40000e+01 3.80000e+01 6.30000e+01 9.60000e+01 1.51000e+02
  1.95000e+02 2.86000e+02 3.87000e+02 5.12000e+02 6.59000e+02 9.02000e+02
  1.21100e+03 1.58800e+03 2.01600e+03 2.55600e+03 3.20700e+03 3.91700e+03
  4.73000e+03 5.41800e+03 5.99100e+03 6.78500e+03 7.80900e+03 8.88600e+03
  9.83400e+03 1.07780e+04 1.16050e+04 1.24980e+04 1.34420e+04 1.43900e+04
  1.52610e+04 1.60130e+04 1.67290e+04 1.77550e+04 1.87600e+04 1.85820e+04
  1.91760e+04 1.97460e+04 2.02030e+04 2.07430e+04 2.09550e+04 2.20090e+04
  2.22690e+04 2.26680e+04 2.29120e+04 2.34770e+04 2.35870e+04 2.40390e+04
  2.41980e+04 2.47080e+04]]
[[1.3800e+02 1.8700e+02 2.1700e+02 2.5200e+02 3.2800e+02 4.1300e+02
  5.2300e+02 6.4000e+02 7.7700e+02 1.1590e+03 1.8380e+03 2.4170e+03
  3.2400e+03 4.2570e+03 4.9550e+03 5.7520e+03 6.6200e+03 7.7380e+03
  8.9660e+03 1.0402e+04 1.1736e+04 1.2500e+04 1.3837e+04 1.5202e+04
  1.6790e+04 1.8941e+04 2.0974e+04 2.2860e+04 2.5475e+04 2.6867e+04
  2.8164e+04 2.9918e+04 3.2181e+04 3.4402e+04 3.6372e+04 3.8077e+04
  3.8077e+04 4.1199e+04 4.2944e+04 4.6023e+04 5.0969e+04 5.3348e+04
  5.4938e+04 5.6462e+04 5.8302e+04 6.0265e+04 6.2205e+04 6.4311e+04
  6.6263e+04 6.8087e+04]
 [0.0000e+00 0.0000e+00 0.0000e+00 0.0000e+00 0.0000e+00 1.0000e+00
  1.0000e+00 5.0000e+00 9.0000e+00 1.1000e+01 1.5000e+01 2.5000e+01
  3.5000e+01 4.4000e+01 4.8000e+01 5.6000e+01 8.9000e+01 1.2200e+02
  1.5400e+02 1.9200e+02 2.1600e+02 2.3100e+02 2.6000e+02 3.5600e+02
  4.3300e+02 5.0300e+02 5.9900e+02 6.8600e+02 7.5600e+02 8.4400e+02
  8.4400e+02 1.1080e+03 1.1080e+03 1.2450e+03 1.4040e+03 1.7060e+03
  1.7060e+03 1.9610e+03 2.1820e+03 2.3600e+03 2.5560e+03 2.7300e+03
  2.8990e+03 3.0030e+03 3.1530e+03 3.4050e+03 3.5620e+03 3.7160e+03
  3.8460e+03 4.0040e+03]]
[[6.15000e+02 9.67000e+02 1.57800e+03 3.03800e+03 5.70400e+03 8.40300e+03
  1.17270e+04 1.58000e+04 2.08840e+04 2.56810e+04 3.08410e+04 3.78770e+04
  4.48760e+04 5.24100e+04 5.96480e+04 6.66630e+04 7.58330e+04 8.39480e+04
  9.25060e+04 1.02987e+05 1.13833e+05 1.23160e+05 1.31815e+05 1.39875e+05
  1.51061e+05 1.61779e+05 1.72348e+05 1.81026e+05 1.89033e+05 1.95749e+05
  2.03020e+05 2.14454e+05 2.23691e+05 2.30597e+05 2.37474e+05 2.43382e+05
  2.48416e+05 2.53519e+05 2.58222e+05 2.63460e+05 2.71590e+05 2.82143e+05
  2.88045e+05 2.91996e+05 2.95106e+05 2.99691e+05 3.04372e+05 3.08314e+05
  3.12977e+05 3.16415e+05]
 [1.20000e+01 2.40000e+01 3.80000e+01 6.30000e+01 9.60000e+01 1.51000e+02
  1.95000e+02 2.86000e+02 3.87000e+02 5.12000e+02 6.59000e+02 9.02000e+02
  1.21100e+03 1.58800e+03 2.01600e+03 2.55600e+03 3.20700e+03 3.91700e+03
  4.73000e+03 5.41800e+03 5.99100e+03 6.78500e+03 7.80900e+03 8.88600e+03
  9.83400e+03 1.07780e+04 1.16050e+04 1.24980e+04 1.34420e+04 1.43900e+04
  1.52610e+04 1.60130e+04 1.67290e+04 1.77550e+04 1.87600e+04 1.85820e+04
  1.91760e+04 1.97460e+04 2.02030e+04 2.07430e+04 2.09550e+04 2.20090e+04
  2.22690e+04 2.26680e+04 2.29120e+04 2.34770e+04 2.35870e+04 2.40390e+04
  2.41980e+04 2.47080e+04]]
[[1.3800e+02 1.8700e+02 2.1700e+02 2.5200e+02 3.2800e+02 4.1300e+02
  5.2300e+02 6.4000e+02 7.7700e+02 1.1590e+03 1.8380e+03 2.4170e+03
  3.2400e+03 4.2570e+03 4.9550e+03 5.7520e+03 6.6200e+03 7.7380e+03
  8.9660e+03 1.0402e+04 1.1736e+04 1.2500e+04 1.3837e+04 1.5202e+04
  1.6790e+04 1.8941e+04 2.0974e+04 2.2860e+04 2.5475e+04 2.6867e+04
  2.8164e+04 2.9918e+04 3.2181e+04 3.4402e+04 3.6372e+04 3.8077e+04
  3.8077e+04 4.1199e+04 4.2944e+04 4.6023e+04 5.0969e+04 5.3348e+04
  5.4938e+04 5.6462e+04 5.8302e+04 6.0265e+04 6.2205e+04 6.4311e+04
  6.6263e+04 6.8087e+04]
 [0.0000e+00 0.0000e+00 0.0000e+00 0.0000e+00 0.0000e+00 1.0000e+00
  1.0000e+00 5.0000e+00 9.0000e+00 1.1000e+01 1.5000e+01 2.5000e+01
  3.5000e+01 4.4000e+01 4.8000e+01 5.6000e+01 8.9000e+01 1.2200e+02
  1.5400e+02 1.9200e+02 2.1600e+02 2.3100e+02 2.6000e+02 3.5600e+02
  4.3300e+02 5.0300e+02 5.9900e+02 6.8600e+02 7.5600e+02 8.4400e+02
  8.4400e+02 1.1080e+03 1.1080e+03 1.2450e+03 1.4040e+03 1.7060e+03
  1.7060e+03 1.9610e+03 2.1820e+03 2.3600e+03 2.5560e+03 2.7300e+03
  2.8990e+03 3.0030e+03 3.1530e+03 3.4050e+03 3.5620e+03 3.7160e+03
  3.8460e+03 4.0040e+03]]

                             mean       std    median      5.0%     95.0%     n_eff     r_hat
                  D0[0]   3112.35      2.40   3112.71   3108.09   3115.51      4.61      1.01
                  D0[1]    676.59      0.81    676.84    675.37    677.72      3.03      1.85
                  E0[0] 312765.69     88.26 312761.31 312638.84 312906.66      2.88      2.11
                  E0[1]  58282.01     51.53  58285.05  58220.52  58368.10      4.35      1.19
                  H0[0]   9947.86      2.72   9948.38   9943.53   9952.30     11.87      1.03
                  H0[1]   2088.15      2.03   2088.29   2085.22   2091.39      3.36      2.09
                  I0[0] 254804.78     86.62 254770.67 254685.22 254940.17      3.75      1.64
                  I0[1]  26076.60     20.60  26070.81  26050.19  26102.85      9.87      1.14
               beta0[0]     26.43      0.04     26.45     26.38     26.48      2.68      2.79
               beta0[1]      1.64      0.00      1.64      1.63      1.64      3.91      1.83
confirmed_dispersion[0]      0.27      0.00      0.27      0.27      0.27      3.91      1.70
confirmed_dispersion[1]      0.20      0.00      0.20      0.20      0.20      2.67      2.38
    death_dispersion[0]      0.42      0.00      0.42      0.42      0.42      9.30      0.99
    death_dispersion[1]      0.16      0.00      0.16      0.16      0.16      4.55      1.18
          death_prob[0]      0.05      0.00      0.05      0.05      0.05      2.63      3.24
          death_prob[1]      0.16      0.00      0.16      0.16      0.16      6.67      1.24
          death_rate[0]      0.00      0.00      0.00      0.00      0.00      2.76      2.42
          death_rate[1]      0.00      0.00      0.00      0.00      0.00      3.76      2.02
          det_prob[0,0]      0.30      0.00      0.30      0.30      0.30      2.74      2.71
          det_prob[0,1]      0.30      0.00      0.30      0.30      0.30      8.32      1.06
          det_prob[0,2]      0.28      0.00      0.28      0.28      0.28      5.64      1.00
          det_prob[0,3]      0.30      0.00      0.30      0.30      0.30      5.36      1.57
          det_prob[0,4]      0.27      0.00      0.27      0.27      0.27      3.50      1.65
          det_prob[0,5]      0.27      0.00      0.27      0.27      0.27      3.36      1.90
          det_prob[0,6]      0.24      0.00      0.24      0.24      0.24      4.19      1.50
          det_prob[0,7]      0.25      0.00      0.25      0.25      0.25     11.12      1.21
          det_prob[0,8]      0.25      0.00      0.25      0.25      0.25      2.66      2.83
          det_prob[0,9]      0.24      0.00      0.24      0.24      0.24      3.58      2.73
         det_prob[0,10]      0.19      0.00      0.19      0.19      0.19      5.35      1.58
         det_prob[0,11]      0.22      0.00      0.22      0.22      0.22      6.70      1.11
         det_prob[0,12]      0.24      0.00      0.24      0.24      0.24      5.04      1.45
         det_prob[0,13]      0.20      0.00      0.20      0.20      0.21      3.14      2.37
         det_prob[0,14]      0.21      0.00      0.21      0.21      0.21      3.06      2.66
         det_prob[0,15]      0.19      0.00      0.19      0.19      0.19      2.61      3.49
         det_prob[0,16]      0.18      0.00      0.18      0.18      0.18      8.78      1.03
         det_prob[0,17]      0.15      0.00      0.15      0.15      0.15      3.22      1.91
         det_prob[0,18]      0.13      0.00      0.13      0.13      0.13      4.00      1.39
         det_prob[0,19]      0.17      0.00      0.17      0.17      0.17      5.38      1.10
         det_prob[0,20]      0.14      0.00      0.14      0.14      0.14      4.51      1.13
         det_prob[0,21]      0.20      0.00      0.20      0.20      0.20      5.39      1.26
         det_prob[0,22]      0.22      0.00      0.22      0.22      0.22      2.51      2.92
         det_prob[0,23]      0.21      0.00      0.21      0.21      0.21      4.99      1.24
         det_prob[0,24]      0.21      0.00      0.21      0.21      0.21      4.24      1.08
         det_prob[0,25]      0.20      0.00      0.20      0.20      0.20     10.71      1.03
         det_prob[0,26]      0.20      0.00      0.20      0.20      0.20      5.28      1.23
         det_prob[0,27]      0.21      0.00      0.21      0.21      0.21      4.66      1.29
         det_prob[0,28]      0.25      0.00      0.25      0.25      0.25      3.30      1.98
         det_prob[0,29]      0.21      0.00      0.21      0.21      0.21      4.22      1.51
         det_prob[0,30]      0.26      0.00      0.26      0.26      0.26      3.57      1.46
         det_prob[0,31]      0.24      0.00      0.24      0.24      0.24      2.73      2.75
         det_prob[0,32]      0.26      0.00      0.26      0.26      0.26      2.63      2.93
         det_prob[0,33]      0.27      0.00      0.27      0.27      0.27      7.08      1.02
         det_prob[0,34]      0.28      0.00      0.28      0.27      0.28      3.25      2.12
         det_prob[0,35]      0.31      0.00      0.31      0.31      0.31      5.39      1.00
         det_prob[0,36]      0.27      0.00      0.27      0.27      0.27      4.41      1.44
         det_prob[0,37]      0.27      0.00      0.27      0.27      0.27      5.66      1.41
         det_prob[0,38]      0.30      0.00      0.30      0.30      0.30      3.19      1.71
         det_prob[0,39]      0.28      0.00      0.28      0.28      0.28      6.46      1.06
         det_prob[0,40]      0.30      0.00      0.30      0.30      0.30      3.19      2.02
         det_prob[0,41]      0.34      0.00      0.34      0.34      0.35     12.38      1.24
         det_prob[0,42]      0.35      0.00      0.35      0.35      0.35     10.33      1.12
         det_prob[0,43]      0.34      0.00      0.34      0.34      0.34      6.72      1.08
         det_prob[0,44]      0.40      0.00      0.40      0.40      0.40      2.61      3.53
         det_prob[0,45]      0.37      0.00      0.37      0.37      0.37      5.45      1.21
         det_prob[0,46]      0.43      0.00      0.43      0.43      0.43      7.83      1.06
         det_prob[0,47]      0.43      0.00      0.43      0.43      0.43      2.83      2.48
          det_prob[1,0]      0.26      0.00      0.26      0.26      0.26      3.22      1.61
          det_prob[1,1]      0.23      0.00      0.23      0.23      0.23      8.88      0.99
          det_prob[1,2]      0.23      0.00      0.23      0.23      0.23      2.83      2.22
          det_prob[1,3]      0.25      0.00      0.25      0.25      0.25      3.40      1.96
          det_prob[1,4]      0.21      0.00      0.21      0.21      0.21      8.75      0.99
          det_prob[1,5]      0.21      0.00      0.21      0.21      0.22      3.36      2.09
          det_prob[1,6]      0.26      0.00      0.26      0.26      0.26      4.98      1.01
          det_prob[1,7]      0.27      0.00      0.27      0.27      0.27      2.74      2.35
          det_prob[1,8]      0.31      0.00      0.31      0.31      0.31      5.27      1.43
          det_prob[1,9]      0.40      0.00      0.40      0.40      0.40     10.54      1.35
         det_prob[1,10]      0.39      0.00      0.39      0.39      0.39      9.14      1.49
         det_prob[1,11]      0.43      0.00      0.43      0.42      0.43      6.95      1.30
         det_prob[1,12]      0.38      0.00      0.38      0.38      0.38      3.12      1.75
         det_prob[1,13]      0.45      0.00      0.45      0.45      0.45      7.77      1.07
         det_prob[1,14]      0.42      0.00      0.42      0.42      0.42      2.95      2.53
         det_prob[1,15]      0.41      0.00      0.41      0.41      0.41      5.84      1.35
         det_prob[1,16]      0.37      0.00      0.37      0.37      0.37      6.76      1.26
         det_prob[1,17]      0.42      0.00      0.42      0.42      0.42      7.19      1.15
         det_prob[1,18]      0.38      0.00      0.38      0.38      0.38      3.54      1.97
         det_prob[1,19]      0.38      0.00      0.38      0.38      0.38      4.34      1.73
         det_prob[1,20]      0.38      0.00      0.38      0.38      0.38      8.95      1.27
         det_prob[1,21]      0.36      0.00      0.36      0.36      0.36      6.55      1.17
         det_prob[1,22]      0.38      0.00      0.38      0.38      0.38      7.69      1.09
         det_prob[1,23]      0.38      0.00      0.38      0.38      0.39      2.86      2.45
         det_prob[1,24]      0.41      0.00      0.41      0.40      0.41      3.88      1.62
         det_prob[1,25]      0.40      0.00      0.40      0.40      0.40     11.41      1.34
         det_prob[1,26]      0.39      0.00      0.39      0.39      0.40      5.35      1.15
         det_prob[1,27]      0.41      0.00      0.41      0.41      0.41      3.90      1.49
         det_prob[1,28]      0.45      0.00      0.45      0.44      0.45      2.86      2.32
         det_prob[1,29]      0.40      0.00      0.40      0.40      0.40      3.52      1.29
         det_prob[1,30]      0.46      0.00      0.46      0.45      0.46      3.61      1.78
         det_prob[1,31]      0.43      0.00      0.43      0.43      0.43      3.34      2.24
         det_prob[1,32]      0.42      0.00      0.42      0.42      0.42      9.63      1.15
         det_prob[1,33]      0.35      0.00      0.35      0.35      0.35      5.87      1.14
         det_prob[1,34]      0.36      0.00      0.36      0.36      0.36      8.58      1.37
         det_prob[1,35]      0.35      0.00      0.35      0.35      0.35      9.15      1.02
         det_prob[1,36]      0.28      0.00      0.28      0.28      0.28      5.59      1.19
         det_prob[1,37]      0.30      0.00      0.30      0.30      0.30      2.72      2.32
         det_prob[1,38]      0.29      0.00      0.29      0.29      0.29      2.84      2.45
         det_prob[1,39]      0.35      0.00      0.35      0.35      0.35      9.06      1.10
         det_prob[1,40]      0.40      0.00      0.40      0.40      0.40      6.37      1.12
         det_prob[1,41]      0.38      0.00      0.38      0.38      0.38      7.25      1.09
         det_prob[1,42]      0.35      0.00      0.35      0.35      0.35      5.24      1.01
         det_prob[1,43]      0.36      0.00      0.36      0.36      0.36      2.51      2.76
         det_prob[1,44]      0.39      0.00      0.39      0.39      0.39      4.59      1.54
         det_prob[1,45]      0.45      0.00      0.45      0.45      0.45      4.22      1.10
         det_prob[1,46]      0.47      0.00      0.47      0.47      0.47      3.04      3.22
         det_prob[1,47]      0.50      0.00      0.50      0.50      0.50      3.79      1.68
           det_prob0[0]      0.29      0.00      0.29      0.29      0.29     13.56      1.12
           det_prob0[1]      0.29      0.00      0.29      0.29      0.29      3.62      1.69
          det_prob_d[0]      0.94      0.00      0.94      0.94      0.94      6.58      1.02
          det_prob_d[1]      0.90      0.00      0.90      0.90      0.90      2.95      2.19
               gamma[0]      0.04      0.00      0.04      0.04      0.04      4.84      1.47
               gamma[1]      0.03      0.00      0.03      0.03      0.03      2.96      2.12
                rw[0,0]      0.79      0.00      0.79      0.78      0.79      7.57      1.16
                rw[0,1]      0.84      0.00      0.84      0.84      0.84      2.78      2.40
                rw[0,2]      0.97      0.00      0.97      0.97      0.97      5.13      1.21
                rw[0,3]      0.83      0.00      0.83      0.82      0.83      3.16      1.73
                rw[0,4]      1.18      0.00      1.18      1.17      1.18      4.16      1.02
                rw[0,5]      1.52      0.00      1.52      1.51      1.52     17.75      1.02
                rw[0,6]      1.63      0.00      1.63      1.63      1.64      8.68      1.38
                rw[0,7]      1.84      0.00      1.84      1.83      1.84      5.16      1.12
                rw[0,8]      1.94      0.00      1.94      1.94      1.95      2.75      2.33
                rw[0,9]      1.89      0.00      1.89      1.88      1.89      5.17      1.25
               rw[0,10]      1.52      0.00      1.52      1.52      1.53      7.27      1.45
               rw[0,11]      1.26      0.00      1.26      1.26      1.26      4.73      1.18
               rw[0,12]      1.24      0.00      1.24      1.24      1.24      3.67      1.23
               rw[0,13]      1.29      0.00      1.29      1.29      1.30      3.10      1.92
               rw[0,14]      1.29      0.00      1.29      1.29      1.29      4.46      1.22
               rw[0,15]      1.79      0.00      1.79      1.78      1.79      2.74      2.56
               rw[0,16]      1.45      0.00      1.45      1.45      1.46      2.45      2.99
               rw[0,17]      1.71      0.00      1.71      1.70      1.71      6.71      1.03
               rw[0,18]      1.70      0.00      1.70      1.70      1.71      3.46      1.66
               rw[0,19]      1.74      0.00      1.74      1.73      1.74      5.01      1.17
               rw[0,20]      1.76      0.00      1.76      1.76      1.77     10.10      1.15
               rw[0,21]      1.71      0.00      1.71      1.70      1.71      9.70      1.19
               rw[0,22]      1.26      0.00      1.26      1.26      1.26     10.18      1.15
               rw[0,23]      0.89      0.00      0.89      0.89      0.90      3.04      1.80
               rw[0,24]      0.78      0.00      0.78      0.78      0.78      2.88      2.01
               rw[0,25]      0.75      0.00      0.75      0.75      0.76      3.39      1.85
               rw[0,26]      0.89      0.00      0.89      0.89      0.89      3.11      2.32
               rw[0,27]      1.13      0.00      1.13      1.13      1.14      3.34      1.70
               rw[0,28]      1.02      0.00      1.02      1.02      1.03     16.19      1.00
               rw[0,29]      1.56      0.00      1.56      1.56      1.56      9.76      1.05
               rw[0,30]      1.53      0.00      1.53      1.52      1.53      8.87      1.15
               rw[0,31]      1.24      0.00      1.24      1.24      1.24      2.43      3.58
               rw[0,32]      1.64      0.00      1.64      1.63      1.64      7.08      1.05
               rw[0,33]      1.47      0.00      1.47      1.47      1.47      5.22      1.00
               rw[0,34]      1.34      0.00      1.34      1.34      1.35      6.18      1.26
               rw[0,35]      0.85      0.00      0.85      0.84      0.85      2.87      2.13
               rw[0,36]      0.90      0.00      0.90      0.90      0.90      7.06      1.18
               rw[0,37]      1.12      0.00      1.12      1.11      1.12      2.78      4.52
               rw[0,38]      1.00      0.00      1.00      0.99      1.00      6.64      1.09
               rw[0,39]      0.89      0.00      0.89      0.89      0.89      2.77      2.12
               rw[0,40]      0.81      0.00      0.82      0.81      0.82      2.81      2.09
               rw[0,41]      0.85      0.00      0.85      0.85      0.85      9.34      0.99
               rw[0,42]      1.27      0.00      1.27      1.26      1.27      5.92      1.45
               rw[0,43]      1.36      0.00      1.36      1.35      1.36      2.94      2.06
               rw[0,44]      1.49      0.00      1.49      1.49      1.49      5.74      1.23
               rw[0,45]      1.84      0.00      1.84      1.84      1.85      4.01      1.20
               rw[0,46]      1.52      0.00      1.52      1.52      1.53      3.71      1.79
               rw[0,47]      1.43      0.00      1.43      1.43      1.44      2.54      2.53
               rw[0,48]      1.48      0.00      1.48      1.48      1.48      3.48      1.41
                rw[1,0]      0.78      0.00      0.78      0.78      0.78      2.62      2.28
                rw[1,1]      0.76      0.00      0.76      0.76      0.76      4.96      1.70
                rw[1,2]      0.67      0.00      0.67      0.67      0.67      3.52      1.68
                rw[1,3]      0.62      0.00      0.62      0.62      0.62      2.54      2.53
                rw[1,4]      0.70      0.00      0.70      0.69      0.70      2.84      2.30
                rw[1,5]      0.85      0.00      0.85      0.85      0.86      2.99      2.17
                rw[1,6]      0.85      0.00      0.85      0.85      0.85     17.69      1.01
                rw[1,7]      0.75      0.00      0.75      0.75      0.75      4.87      1.49
                rw[1,8]      0.75      0.00      0.75      0.75      0.75      8.34      1.05
                rw[1,9]      0.96      0.00      0.96      0.96      0.96      5.16      1.10
               rw[1,10]      0.91      0.00      0.91      0.91      0.91     12.31      0.99
               rw[1,11]      1.06      0.00      1.06      1.05      1.06      4.85      1.33
               rw[1,12]      1.31      0.00      1.31      1.31      1.31     13.79      1.04
               rw[1,13]      1.58      0.00      1.58      1.57      1.58      3.04      2.09
               rw[1,14]      1.49      0.00      1.49      1.49      1.50      2.52      2.54
               rw[1,15]      1.35      0.00      1.35      1.35      1.35      6.30      1.07
               rw[1,16]      1.41      0.00      1.41      1.41      1.41      9.66      1.04
               rw[1,17]      1.37      0.00      1.37      1.37      1.37      2.73      2.43
               rw[1,18]      1.82      0.00      1.82      1.82      1.83      3.37      1.76
               rw[1,19]      1.59      0.00      1.59      1.59      1.59      5.42      1.53
               rw[1,20]      1.88      0.00      1.88      1.87      1.88      4.42      1.30
               rw[1,21]      1.66      0.00      1.66      1.66      1.67      4.23      1.20
               rw[1,22]      1.50      0.00      1.50      1.50      1.51      3.53      2.03
               rw[1,23]      2.73      0.01      2.73      2.72      2.74      3.09      1.99
               rw[1,24]      1.75      0.00      1.75      1.74      1.75      3.56      1.41
               rw[1,25]      1.74      0.00      1.74      1.73      1.74      2.71      2.82
               rw[1,26]      1.57      0.00      1.57      1.57      1.57      8.90      1.49
               rw[1,27]      1.09      0.00      1.09      1.09      1.09     12.88      1.04
               rw[1,28]      1.06      0.00      1.06      1.06      1.06     11.61      0.99
               rw[1,29]      1.00      0.00      1.00      0.99      1.00      4.17      1.72
               rw[1,30]      1.69      0.00      1.69      1.69      1.70      5.18      1.24
               rw[1,31]      2.17      0.01      2.17      2.16      2.18      3.70      1.52
               rw[1,32]      2.28      0.00      2.28      2.28      2.28      3.91      1.74
               rw[1,33]      2.20      0.00      2.20      2.20      2.20      4.38      1.37
               rw[1,34]      2.38      0.00      2.38      2.37      2.38      5.94      1.10
               rw[1,35]      2.16      0.00      2.16      2.16      2.17      2.72      2.26
               rw[1,36]      1.87      0.00      1.87      1.86      1.87      4.63      1.15
               rw[1,37]      1.46      0.00      1.46      1.46      1.46      6.29      1.31
               rw[1,38]      1.38      0.00      1.38      1.38      1.39      3.03      1.90
               rw[1,39]      1.38      0.00      1.38      1.37      1.38      2.65      2.61
               rw[1,40]      1.04      0.00      1.04      1.03      1.04      3.93      1.50
               rw[1,41]      1.19      0.00      1.19      1.19      1.20      3.03      1.97
               rw[1,42]      1.08      0.00      1.08      1.08      1.08      5.83      1.01
               rw[1,43]      1.21      0.00      1.22      1.21      1.22      2.77      2.81
               rw[1,44]      1.18      0.00      1.18      1.18      1.18      5.53      0.99
               rw[1,45]      1.18      0.00      1.18      1.18      1.18     32.56      1.01
               rw[1,46]      0.94      0.00      0.94      0.94      0.95      6.55      1.08
               rw[1,47]      0.99      0.00      0.99      0.99      0.99      2.62      2.54
               rw[1,48]      0.83      0.00      0.83      0.83      0.83      2.88      2.25
               sigma[0]      0.14      0.00      0.14      0.14      0.14      5.10      0.99
               sigma[1]      0.12      0.00      0.12      0.12      0.12     10.98      1.00

Number of divergences: 4
 * collecting predictive samples
